#
# A fatal error has been detected by the Java Runtime Environment:
#
#  EXCEPTION_ACCESS_VIOLATION (0xc0000005) at pc=0x00000196bd13112d, pid=7488, tid=6064
#
# JRE version: OpenJDK Runtime Environment Corretto-11.0.23.9.1 (11.0.23+9) (build 11.0.23+9-LTS)
# Java VM: OpenJDK 64-Bit Server VM Corretto-11.0.23.9.1 (11.0.23+9-LTS, mixed mode, tiered, compressed oops, g1 gc, windows-amd64)
# Problematic frame:
# v  ~StubRoutines::get_previous_fp
#
# No core dump will be written. Minidumps are not enabled by default on client versions of Windows
#
# If you would like to submit a bug report, please visit:
#   https://github.com/corretto/corretto-11/issues/
#

---------------  S U M M A R Y ------------

Command Line: -javaagent:C:\\Users\\Екатерина\\.m2\\repository\\org\\jacoco\\org.jacoco.agent\\0.8.5\\org.jacoco.agent-0.8.5-runtime.jar=destfile=C:\\Users\\Екатерина\\IdeaProjects\\CiJaCoCoHW\\target\\jacoco.exec C:\Users\E784~1\AppData\Local\Temp\surefire15650637024145043841\surefirebooter2405463052244686882.jar C:\Users\Екатерина\AppData\Local\Temp\surefire15650637024145043841 2024-07-15T20-53-01_229-jvmRun1 surefire3592991655274768860tmp surefire_017192358831709183899tmp

Host: Intel(R) Core(TM) i5-3570 CPU @ 3.40GHz, 4 cores, 15G,  Windows 10 , 64 bit Build 19041 (10.0.19041.4597)
Time: Mon Jul 15 20:53:02 2024 RTZ 4 (s 10 , 64 bit Build 19041 (10.0.19041.4597) elapsed time: 0.227640 seconds (0d 0h 0m 0s)

---------------  T H R E A D  ---------------

Current thread (0x00000196b4985000):  JavaThread "main" [_thread_in_vm, id=6064, stack(0x000000154cc00000,0x000000154cd00000)]

Stack: [0x000000154cc00000,0x000000154cd00000],  sp=0x000000154ccff290,  free space=1020k
Native frames: (J=compiled Java code, j=interpreted, Vv=VM code, C=native code)
C  0x00000196bd13112d


siginfo: EXCEPTION_ACCESS_VIOLATION (0xc0000005), reading address 0x00000000000003d8


Register to memory mapping:

RIP=0x00000196bd13112d is at begin+8 in a stub
StubRoutines::get_previous_fp [0x00000196bd131125, 0x00000196bd131132[ (13 bytes)
RAX=0x00000000000003d8 is an unknown value
RBX=0x000000154ccff330 is pointing into the stack for thread: 0x00000196b4985000
RCX=0x000000154ccff330 is pointing into the stack for thread: 0x00000196b4985000
RDX=0x0 is NULL
RSP=0x000000154ccff290 is pointing into the stack for thread: 0x00000196b4985000
RBP=0x000000154ccff290 is pointing into the stack for thread: 0x00000196b4985000
RSI=0x0 is NULL
RDI=0x00000196b4985000 is a thread
R8 =0x000000154ccff208 is pointing into the stack for thread: 0x00000196b4985000
R9 =0x0000000000000001 is an unknown value
R10=0x0 is NULL
R11=0x000000154ccff2c0 is pointing into the stack for thread: 0x00000196b4985000
R12=0x00000196b4985a18 points into unknown readable memory: 0x0803eba3777dcf05 | 05 cf 7d 77 a3 eb 03 08
R13=0x00000196d86bbf88 points into unknown readable memory: 0x00000196b28608d0 | d0 08 86 b2 96 01 00 00
R14=0x00000196d87697f0 points into unknown readable memory: 0x0000000000000000 | 00 00 00 00 00 00 00 00
R15=0x00000196b4985640 points into unknown readable memory: 0x0072006f006d0020 | 20 00 6d 00 6f 00 72 00


Registers:
RAX=0x00000000000003d8, RBX=0x000000154ccff330, RCX=0x000000154ccff330, RDX=0x0000000000000000
RSP=0x000000154ccff290, RBP=0x000000154ccff290, RSI=0x0000000000000000, RDI=0x00000196b4985000
R8 =0x000000154ccff208, R9 =0x0000000000000001, R10=0x0000000000000000, R11=0x000000154ccff2c0
R12=0x00000196b4985a18, R13=0x00000196d86bbf88, R14=0x00000196d87697f0, R15=0x00000196b4985640
RIP=0x00000196bd13112d, EFLAGS=0x0000000000010202

Top of Stack: (sp=0x000000154ccff290)
0x000000154ccff290:   00000000000003d8 00007ff8a8195726
0x000000154ccff2a0:   00000000000000af 000000154ccff390
0x000000154ccff2b0:   00007ff8d47e82d0 00007ff8e299b3e4
0x000000154ccff2c0:   00000196b4985630 00007ff8a7c1236c
0x000000154ccff2d0:   00000196b4985000 00000196b285cc90
0x000000154ccff2e0:   00000000000007d0 0000000000007fd8
0x000000154ccff2f0:   00000196b4985000 00007ff8a82e96f1
0x000000154ccff300:   00000196b285cc90 00000196b4985630
0x000000154ccff310:   00000196b4985630 00000196d7e25c88
0x000000154ccff320:   00000196b285c118 00007ff8d47e148c
0x000000154ccff330:   0000000000000000 0000000000000024
0x000000154ccff340:   00007ff8d47e82d0 000000154ccff390
0x000000154ccff350:   00007ff8e2a6f540 0000000000000000
0x000000154ccff360:   0000b150bedd638f 00007ff8d47e7ae0
0x000000154ccff370:   00000196b4985000 00007ff8a8197e70
0x000000154ccff380:   00000196b4985350 00007ff8d47e82d0 

Instructions: (pc=0x00000196bd13112d)
0x00000196bd13102d:   84 83 00 00 00 83 fa 07 0f 84 80 00 00 00 89 01
0x00000196bd13103d:   48 8d a5 28 fe ff ff c5 fa 6f 75 b8 c5 fa 6f 7d
0x00000196bd13104d:   a8 c5 7a 6f 45 98 c5 7a 6f 4d 88 c5 7a 6f 95 78
0x00000196bd13105d:   ff ff ff c5 7a 6f 9d 68 ff ff ff c5 7a 6f a5 58
0x00000196bd13106d:   ff ff ff c5 7a 6f ad 48 ff ff ff c5 7a 6f b5 38
0x00000196bd13107d:   ff ff ff c5 7a 6f bd 28 ff ff ff 4c 8b 7d c8 4c
0x00000196bd13108d:   8b 75 d0 4c 8b 6d d8 4c 8b 65 e0 48 8b 5d f8 48
0x00000196bd13109d:   8b 7d e8 48 8b 75 f0 48 81 c4 d8 01 00 00 c5 f8
0x00000196bd1310ad:   77 5d c3 48 89 01 eb 88 c5 fa 11 01 eb 82 c5 fb
0x00000196bd1310bd:   11 01 e9 79 ff ff ff 49 89 47 08 49 ba e0 53 49
0x00000196bd1310cd:   a8 f8 7f 00 00 4d 89 57 10 41 c7 47 18 da 01 00
0x00000196bd1310dd:   00 e9 2d ff ff ff 8b c1 87 02 c3 48 8b c1 48 87
0x00000196bd1310ed:   02 c3 41 8b c0 f0 0f b1 0a c3 49 0f be c0 f0 0f
0x00000196bd1310fd:   b0 0a c3 49 8b c0 f0 48 0f b1 0a c3 8b c1 f0 0f
0x00000196bd13110d:   c1 0a 03 c1 c3 48 8b c1 f0 48 0f c1 0a 48 03 c1
0x00000196bd13111d:   c3 f0 83 44 24 c0 00 c3 55 48 8b ec 48 8b 45 00
0x00000196bd13112d:   48 8b 00 5d c3 48 8b c4 48 83 c0 08 c3 c3 0f 1f
0x00000196bd13113d:   44 00 00 55 48 8b ec 49 b9 30 15 5f a8 f8 7f 00
0x00000196bd13114d:   00 f7 d1 41 83 f8 10 0f 8c 38 02 00 00 44 8b da
0x00000196bd13115d:   41 83 e3 0f 74 23 41 83 eb 10 45 03 c3 66 90 0f
0x00000196bd13116d:   be 02 33 c1 81 e0 ff 00 00 00 c1 e9 08 41 33 0c
0x00000196bd13117d:   81 48 ff c2 41 ff c3 7c e6 45 8b d8 41 c1 e8 04
0x00000196bd13118d:   0f 84 fc 01 00 00 c5 f9 6f 0a c5 f9 7e c8 33 c8
0x00000196bd13119d:   c4 e3 71 22 c9 00 48 83 c2 10 41 83 e8 04 0f 8c
0x00000196bd1311ad:   d7 00 00 00 c5 f9 6f 12 c5 f9 6f 5a 10 c5 f9 6f
0x00000196bd1311bd:   62 20 48 83 c2 30 41 83 e8 03 0f 8e 70 00 00 00
0x00000196bd1311cd:   49 ba 20 15 5f a8 f8 7f 00 00 c4 c1 7a 6f 02 0f
0x00000196bd1311dd:   1f 40 00 c4 e3 79 44 e9 11 c4 e3 79 44 c9 00 c5
0x00000196bd1311ed:   f1 ef 0a c5 f1 ef cd c4 e3 79 44 ea 11 c4 e3 79
0x00000196bd1311fd:   44 d2 00 c5 e9 ef 52 10 c5 e9 ef d5 c4 e3 79 44
0x00000196bd13120d:   eb 11 c4 e3 79 44 db 00 c5 e1 ef 5a 20 c5 e1 ef
0x00000196bd13121d:   dd c4 e3 79 44 ec 11 c4 e3 79 44 e4 00 c5 d9 ef 


Stack slot to memory mapping:
stack at sp + 0 slots: 0x00000000000003d8 is an unknown value
stack at sp + 1 slots: 0x00007ff8a8195726 jvm.dll
stack at sp + 2 slots: 0x00000000000000af is an unknown value
stack at sp + 3 slots: 0x000000154ccff390 is pointing into the stack for thread: 0x00000196b4985000
stack at sp + 4 slots: 0x00007ff8d47e82d0 instrument.dll
stack at sp + 5 slots: 0x00007ff8e299b3e4 ucrtbase.dll
stack at sp + 6 slots: 0x00000196b4985630 points into unknown readable memory: 0x00000196d87697e0 | e0 97 76 d8 96 01 00 00
stack at sp + 7 slots: 0x00007ff8a7c1236c jvm.dll

StubRoutines::get_previous_fp [0x00000196bd131125, 0x00000196bd131132[ (13 bytes)
---------------  P R O C E S S  ---------------

Threads class SMR info:
_java_thread_list=0x00000196d88ac2d0, length=10, elements={
0x00000196b4985000, 0x00000196d7e02000, 0x00000196d86ba800, 0x00000196d8711800,
0x00000196d8712800, 0x00000196d8714000, 0x00000196d8718000, 0x00000196d7e2e800,
0x00000196d872d000, 0x00000196d88b0800
}

Java Threads: ( => current thread )
=>0x00000196b4985000 JavaThread "main" [_thread_in_vm, id=6064, stack(0x000000154cc00000,0x000000154cd00000)]
  0x00000196d7e02000 JavaThread "Reference Handler" daemon [_thread_blocked, id=2516, stack(0x000000154d300000,0x000000154d400000)]
  0x00000196d86ba800 JavaThread "Finalizer" daemon [_thread_blocked, id=4572, stack(0x000000154d400000,0x000000154d500000)]
  0x00000196d8711800 JavaThread "Signal Dispatcher" daemon [_thread_blocked, id=7436, stack(0x000000154d500000,0x000000154d600000)]
  0x00000196d8712800 JavaThread "Attach Listener" daemon [_thread_blocked, id=5508, stack(0x000000154d600000,0x000000154d700000)]
  0x00000196d8714000 JavaThread "Service Thread" daemon [_thread_blocked, id=4212, stack(0x000000154d700000,0x000000154d800000)]
  0x00000196d8718000 JavaThread "C2 CompilerThread0" daemon [_thread_blocked, id=4524, stack(0x000000154d800000,0x000000154d900000)]
  0x00000196d7e2e800 JavaThread "C1 CompilerThread0" daemon [_thread_blocked, id=1868, stack(0x000000154d900000,0x000000154da00000)]
  0x00000196d872d000 JavaThread "Sweeper thread" daemon [_thread_blocked, id=4732, stack(0x000000154da00000,0x000000154db00000)]
  0x00000196d88b0800 JavaThread "Common-Cleaner" daemon [_thread_blocked, id=10208, stack(0x000000154db00000,0x000000154dc00000)]

Other Threads:
  0x00000196d7dfd000 VMThread "VM Thread" [stack: 0x000000154d200000,0x000000154d300000] [id=7520]
  0x00000196b499d800 GCTaskThread "GC Thread#0" [stack: 0x000000154cd00000,0x000000154ce00000] [id=2244]
  0x00000196b49fa800 ConcurrentGCThread "G1 Main Marker" [stack: 0x000000154ce00000,0x000000154cf00000] [id=8752]
  0x00000196b49fd000 ConcurrentGCThread "G1 Conc#0" [stack: 0x000000154cf00000,0x000000154d000000] [id=244]
  0x00000196d7cdd800 ConcurrentGCThread "G1 Refine#0" [stack: 0x000000154d000000,0x000000154d100000] [id=4468]
  0x00000196d7cde000 ConcurrentGCThread "G1 Young RemSet Sampling" [stack: 0x000000154d100000,0x000000154d200000] [id=6868]

Threads with active compile tasks:

VM state:not at safepoint (normal execution)

VM Mutex/Monitor currently owned by a thread: None

Heap address: 0x0000000700800000, size: 4088 MB, Compressed Oops mode: Zero based, Oop shift amount: 3
Narrow klass base: 0x0000000800000000, Narrow klass shift: 0
Compressed class space size: 1073741824 Address: 0x0000000800000000

Heap:
 garbage-first heap   total 262144K, used 2048K [0x0000000700800000, 0x0000000800000000)
  region size 1024K, 3 young (3072K), 0 survivors (0K)
 Metaspace       used 6698K, capacity 6850K, committed 7168K, reserved 1056768K
  class space    used 582K, capacity 643K, committed 768K, reserved 1048576K
Heap Regions: E=young(eden), S=young(survivor), O=old, HS=humongous(starts), HC=humongous(continues), CS=collection set, F=free, A=archive, TAMS=top-at-mark-start (previous, next)
|   0|0x0000000700800000, 0x0000000700800000, 0x0000000700900000|  0%| F|  |TAMS 0x0000000700800000, 0x0000000700800000| Untracked 
|   1|0x0000000700900000, 0x0000000700900000, 0x0000000700a00000|  0%| F|  |TAMS 0x0000000700900000, 0x0000000700900000| Untracked 
|   2|0x0000000700a00000, 0x0000000700a00000, 0x0000000700b00000|  0%| F|  |TAMS 0x0000000700a00000, 0x0000000700a00000| Untracked 
|   3|0x0000000700b00000, 0x0000000700b00000, 0x0000000700c00000|  0%| F|  |TAMS 0x0000000700b00000, 0x0000000700b00000| Untracked 
|   4|0x0000000700c00000, 0x0000000700c00000, 0x0000000700d00000|  0%| F|  |TAMS 0x0000000700c00000, 0x0000000700c00000| Untracked 
|   5|0x0000000700d00000, 0x0000000700d00000, 0x0000000700e00000|  0%| F|  |TAMS 0x0000000700d00000, 0x0000000700d00000| Untracked 
|   6|0x0000000700e00000, 0x0000000700e00000, 0x0000000700f00000|  0%| F|  |TAMS 0x0000000700e00000, 0x0000000700e00000| Untracked 
|   7|0x0000000700f00000, 0x0000000700f00000, 0x0000000701000000|  0%| F|  |TAMS 0x0000000700f00000, 0x0000000700f00000| Untracked 
|   8|0x0000000701000000, 0x0000000701000000, 0x0000000701100000|  0%| F|  |TAMS 0x0000000701000000, 0x0000000701000000| Untracked 
|   9|0x0000000701100000, 0x0000000701100000, 0x0000000701200000|  0%| F|  |TAMS 0x0000000701100000, 0x0000000701100000| Untracked 
|  10|0x0000000701200000, 0x0000000701200000, 0x0000000701300000|  0%| F|  |TAMS 0x0000000701200000, 0x0000000701200000| Untracked 
|  11|0x0000000701300000, 0x0000000701300000, 0x0000000701400000|  0%| F|  |TAMS 0x0000000701300000, 0x0000000701300000| Untracked 
|  12|0x0000000701400000, 0x0000000701400000, 0x0000000701500000|  0%| F|  |TAMS 0x0000000701400000, 0x0000000701400000| Untracked 
|  13|0x0000000701500000, 0x0000000701500000, 0x0000000701600000|  0%| F|  |TAMS 0x0000000701500000, 0x0000000701500000| Untracked 
|  14|0x0000000701600000, 0x0000000701600000, 0x0000000701700000|  0%| F|  |TAMS 0x0000000701600000, 0x0000000701600000| Untracked 
|  15|0x0000000701700000, 0x0000000701700000, 0x0000000701800000|  0%| F|  |TAMS 0x0000000701700000, 0x0000000701700000| Untracked 
|  16|0x0000000701800000, 0x0000000701800000, 0x0000000701900000|  0%| F|  |TAMS 0x0000000701800000, 0x0000000701800000| Untracked 
|  17|0x0000000701900000, 0x0000000701900000, 0x0000000701a00000|  0%| F|  |TAMS 0x0000000701900000, 0x0000000701900000| Untracked 
|  18|0x0000000701a00000, 0x0000000701a00000, 0x0000000701b00000|  0%| F|  |TAMS 0x0000000701a00000, 0x0000000701a00000| Untracked 
|  19|0x0000000701b00000, 0x0000000701b00000, 0x0000000701c00000|  0%| F|  |TAMS 0x0000000701b00000, 0x0000000701b00000| Untracked 
|  20|0x0000000701c00000, 0x0000000701c00000, 0x0000000701d00000|  0%| F|  |TAMS 0x0000000701c00000, 0x0000000701c00000| Untracked 
|  21|0x0000000701d00000, 0x0000000701d00000, 0x0000000701e00000|  0%| F|  |TAMS 0x0000000701d00000, 0x0000000701d00000| Untracked 
|  22|0x0000000701e00000, 0x0000000701e00000, 0x0000000701f00000|  0%| F|  |TAMS 0x0000000701e00000, 0x0000000701e00000| Untracked 
|  23|0x0000000701f00000, 0x0000000701f00000, 0x0000000702000000|  0%| F|  |TAMS 0x0000000701f00000, 0x0000000701f00000| Untracked 
|  24|0x0000000702000000, 0x0000000702000000, 0x0000000702100000|  0%| F|  |TAMS 0x0000000702000000, 0x0000000702000000| Untracked 
|  25|0x0000000702100000, 0x0000000702100000, 0x0000000702200000|  0%| F|  |TAMS 0x0000000702100000, 0x0000000702100000| Untracked 
|  26|0x0000000702200000, 0x0000000702200000, 0x0000000702300000|  0%| F|  |TAMS 0x0000000702200000, 0x0000000702200000| Untracked 
|  27|0x0000000702300000, 0x0000000702300000, 0x0000000702400000|  0%| F|  |TAMS 0x0000000702300000, 0x0000000702300000| Untracked 
|  28|0x0000000702400000, 0x0000000702400000, 0x0000000702500000|  0%| F|  |TAMS 0x0000000702400000, 0x0000000702400000| Untracked 
|  29|0x0000000702500000, 0x0000000702500000, 0x0000000702600000|  0%| F|  |TAMS 0x0000000702500000, 0x0000000702500000| Untracked 
|  30|0x0000000702600000, 0x0000000702600000, 0x0000000702700000|  0%| F|  |TAMS 0x0000000702600000, 0x0000000702600000| Untracked 
|  31|0x0000000702700000, 0x0000000702700000, 0x0000000702800000|  0%| F|  |TAMS 0x0000000702700000, 0x0000000702700000| Untracked 
|  32|0x0000000702800000, 0x0000000702800000, 0x0000000702900000|  0%| F|  |TAMS 0x0000000702800000, 0x0000000702800000| Untracked 
|  33|0x0000000702900000, 0x0000000702900000, 0x0000000702a00000|  0%| F|  |TAMS 0x0000000702900000, 0x0000000702900000| Untracked 
|  34|0x0000000702a00000, 0x0000000702a00000, 0x0000000702b00000|  0%| F|  |TAMS 0x0000000702a00000, 0x0000000702a00000| Untracked 
|  35|0x0000000702b00000, 0x0000000702b00000, 0x0000000702c00000|  0%| F|  |TAMS 0x0000000702b00000, 0x0000000702b00000| Untracked 
|  36|0x0000000702c00000, 0x0000000702c00000, 0x0000000702d00000|  0%| F|  |TAMS 0x0000000702c00000, 0x0000000702c00000| Untracked 
|  37|0x0000000702d00000, 0x0000000702d00000, 0x0000000702e00000|  0%| F|  |TAMS 0x0000000702d00000, 0x0000000702d00000| Untracked 
|  38|0x0000000702e00000, 0x0000000702e00000, 0x0000000702f00000|  0%| F|  |TAMS 0x0000000702e00000, 0x0000000702e00000| Untracked 
|  39|0x0000000702f00000, 0x0000000702f00000, 0x0000000703000000|  0%| F|  |TAMS 0x0000000702f00000, 0x0000000702f00000| Untracked 
|  40|0x0000000703000000, 0x0000000703000000, 0x0000000703100000|  0%| F|  |TAMS 0x0000000703000000, 0x0000000703000000| Untracked 
|  41|0x0000000703100000, 0x0000000703100000, 0x0000000703200000|  0%| F|  |TAMS 0x0000000703100000, 0x0000000703100000| Untracked 
|  42|0x0000000703200000, 0x0000000703200000, 0x0000000703300000|  0%| F|  |TAMS 0x0000000703200000, 0x0000000703200000| Untracked 
|  43|0x0000000703300000, 0x0000000703300000, 0x0000000703400000|  0%| F|  |TAMS 0x0000000703300000, 0x0000000703300000| Untracked 
|  44|0x0000000703400000, 0x0000000703400000, 0x0000000703500000|  0%| F|  |TAMS 0x0000000703400000, 0x0000000703400000| Untracked 
|  45|0x0000000703500000, 0x0000000703500000, 0x0000000703600000|  0%| F|  |TAMS 0x0000000703500000, 0x0000000703500000| Untracked 
|  46|0x0000000703600000, 0x0000000703600000, 0x0000000703700000|  0%| F|  |TAMS 0x0000000703600000, 0x0000000703600000| Untracked 
|  47|0x0000000703700000, 0x0000000703700000, 0x0000000703800000|  0%| F|  |TAMS 0x0000000703700000, 0x0000000703700000| Untracked 
|  48|0x0000000703800000, 0x0000000703800000, 0x0000000703900000|  0%| F|  |TAMS 0x0000000703800000, 0x0000000703800000| Untracked 
|  49|0x0000000703900000, 0x0000000703900000, 0x0000000703a00000|  0%| F|  |TAMS 0x0000000703900000, 0x0000000703900000| Untracked 
|  50|0x0000000703a00000, 0x0000000703a00000, 0x0000000703b00000|  0%| F|  |TAMS 0x0000000703a00000, 0x0000000703a00000| Untracked 
|  51|0x0000000703b00000, 0x0000000703b00000, 0x0000000703c00000|  0%| F|  |TAMS 0x0000000703b00000, 0x0000000703b00000| Untracked 
|  52|0x0000000703c00000, 0x0000000703c00000, 0x0000000703d00000|  0%| F|  |TAMS 0x0000000703c00000, 0x0000000703c00000| Untracked 
|  53|0x0000000703d00000, 0x0000000703d00000, 0x0000000703e00000|  0%| F|  |TAMS 0x0000000703d00000, 0x0000000703d00000| Untracked 
|  54|0x0000000703e00000, 0x0000000703e00000, 0x0000000703f00000|  0%| F|  |TAMS 0x0000000703e00000, 0x0000000703e00000| Untracked 
|  55|0x0000000703f00000, 0x0000000703f00000, 0x0000000704000000|  0%| F|  |TAMS 0x0000000703f00000, 0x0000000703f00000| Untracked 
|  56|0x0000000704000000, 0x0000000704000000, 0x0000000704100000|  0%| F|  |TAMS 0x0000000704000000, 0x0000000704000000| Untracked 
|  57|0x0000000704100000, 0x0000000704100000, 0x0000000704200000|  0%| F|  |TAMS 0x0000000704100000, 0x0000000704100000| Untracked 
|  58|0x0000000704200000, 0x0000000704200000, 0x0000000704300000|  0%| F|  |TAMS 0x0000000704200000, 0x0000000704200000| Untracked 
|  59|0x0000000704300000, 0x0000000704300000, 0x0000000704400000|  0%| F|  |TAMS 0x0000000704300000, 0x0000000704300000| Untracked 
|  60|0x0000000704400000, 0x0000000704400000, 0x0000000704500000|  0%| F|  |TAMS 0x0000000704400000, 0x0000000704400000| Untracked 
|  61|0x0000000704500000, 0x0000000704500000, 0x0000000704600000|  0%| F|  |TAMS 0x0000000704500000, 0x0000000704500000| Untracked 
|  62|0x0000000704600000, 0x0000000704600000, 0x0000000704700000|  0%| F|  |TAMS 0x0000000704600000, 0x0000000704600000| Untracked 
|  63|0x0000000704700000, 0x0000000704700000, 0x0000000704800000|  0%| F|  |TAMS 0x0000000704700000, 0x0000000704700000| Untracked 
|  64|0x0000000704800000, 0x0000000704800000, 0x0000000704900000|  0%| F|  |TAMS 0x0000000704800000, 0x0000000704800000| Untracked 
|  65|0x0000000704900000, 0x0000000704900000, 0x0000000704a00000|  0%| F|  |TAMS 0x0000000704900000, 0x0000000704900000| Untracked 
|  66|0x0000000704a00000, 0x0000000704a00000, 0x0000000704b00000|  0%| F|  |TAMS 0x0000000704a00000, 0x0000000704a00000| Untracked 
|  67|0x0000000704b00000, 0x0000000704b00000, 0x0000000704c00000|  0%| F|  |TAMS 0x0000000704b00000, 0x0000000704b00000| Untracked 
|  68|0x0000000704c00000, 0x0000000704c00000, 0x0000000704d00000|  0%| F|  |TAMS 0x0000000704c00000, 0x0000000704c00000| Untracked 
|  69|0x0000000704d00000, 0x0000000704d00000, 0x0000000704e00000|  0%| F|  |TAMS 0x0000000704d00000, 0x0000000704d00000| Untracked 
|  70|0x0000000704e00000, 0x0000000704e00000, 0x0000000704f00000|  0%| F|  |TAMS 0x0000000704e00000, 0x0000000704e00000| Untracked 
|  71|0x0000000704f00000, 0x0000000704f00000, 0x0000000705000000|  0%| F|  |TAMS 0x0000000704f00000, 0x0000000704f00000| Untracked 
|  72|0x0000000705000000, 0x0000000705000000, 0x0000000705100000|  0%| F|  |TAMS 0x0000000705000000, 0x0000000705000000| Untracked 
|  73|0x0000000705100000, 0x0000000705100000, 0x0000000705200000|  0%| F|  |TAMS 0x0000000705100000, 0x0000000705100000| Untracked 
|  74|0x0000000705200000, 0x0000000705200000, 0x0000000705300000|  0%| F|  |TAMS 0x0000000705200000, 0x0000000705200000| Untracked 
|  75|0x0000000705300000, 0x0000000705300000, 0x0000000705400000|  0%| F|  |TAMS 0x0000000705300000, 0x0000000705300000| Untracked 
|  76|0x0000000705400000, 0x0000000705400000, 0x0000000705500000|  0%| F|  |TAMS 0x0000000705400000, 0x0000000705400000| Untracked 
|  77|0x0000000705500000, 0x0000000705500000, 0x0000000705600000|  0%| F|  |TAMS 0x0000000705500000, 0x0000000705500000| Untracked 
|  78|0x0000000705600000, 0x0000000705600000, 0x0000000705700000|  0%| F|  |TAMS 0x0000000705600000, 0x0000000705600000| Untracked 
|  79|0x0000000705700000, 0x0000000705700000, 0x0000000705800000|  0%| F|  |TAMS 0x0000000705700000, 0x0000000705700000| Untracked 
|  80|0x0000000705800000, 0x0000000705800000, 0x0000000705900000|  0%| F|  |TAMS 0x0000000705800000, 0x0000000705800000| Untracked 
|  81|0x0000000705900000, 0x0000000705900000, 0x0000000705a00000|  0%| F|  |TAMS 0x0000000705900000, 0x0000000705900000| Untracked 
|  82|0x0000000705a00000, 0x0000000705a00000, 0x0000000705b00000|  0%| F|  |TAMS 0x0000000705a00000, 0x0000000705a00000| Untracked 
|  83|0x0000000705b00000, 0x0000000705b00000, 0x0000000705c00000|  0%| F|  |TAMS 0x0000000705b00000, 0x0000000705b00000| Untracked 
|  84|0x0000000705c00000, 0x0000000705c00000, 0x0000000705d00000|  0%| F|  |TAMS 0x0000000705c00000, 0x0000000705c00000| Untracked 
|  85|0x0000000705d00000, 0x0000000705d00000, 0x0000000705e00000|  0%| F|  |TAMS 0x0000000705d00000, 0x0000000705d00000| Untracked 
|  86|0x0000000705e00000, 0x0000000705e00000, 0x0000000705f00000|  0%| F|  |TAMS 0x0000000705e00000, 0x0000000705e00000| Untracked 
|  87|0x0000000705f00000, 0x0000000705f00000, 0x0000000706000000|  0%| F|  |TAMS 0x0000000705f00000, 0x0000000705f00000| Untracked 
|  88|0x0000000706000000, 0x0000000706000000, 0x0000000706100000|  0%| F|  |TAMS 0x0000000706000000, 0x0000000706000000| Untracked 
|  89|0x0000000706100000, 0x0000000706100000, 0x0000000706200000|  0%| F|  |TAMS 0x0000000706100000, 0x0000000706100000| Untracked 
|  90|0x0000000706200000, 0x0000000706200000, 0x0000000706300000|  0%| F|  |TAMS 0x0000000706200000, 0x0000000706200000| Untracked 
|  91|0x0000000706300000, 0x0000000706300000, 0x0000000706400000|  0%| F|  |TAMS 0x0000000706300000, 0x0000000706300000| Untracked 
|  92|0x0000000706400000, 0x0000000706400000, 0x0000000706500000|  0%| F|  |TAMS 0x0000000706400000, 0x0000000706400000| Untracked 
|  93|0x0000000706500000, 0x0000000706500000, 0x0000000706600000|  0%| F|  |TAMS 0x0000000706500000, 0x0000000706500000| Untracked 
|  94|0x0000000706600000, 0x0000000706600000, 0x0000000706700000|  0%| F|  |TAMS 0x0000000706600000, 0x0000000706600000| Untracked 
|  95|0x0000000706700000, 0x0000000706700000, 0x0000000706800000|  0%| F|  |TAMS 0x0000000706700000, 0x0000000706700000| Untracked 
|  96|0x0000000706800000, 0x0000000706800000, 0x0000000706900000|  0%| F|  |TAMS 0x0000000706800000, 0x0000000706800000| Untracked 
|  97|0x0000000706900000, 0x0000000706900000, 0x0000000706a00000|  0%| F|  |TAMS 0x0000000706900000, 0x0000000706900000| Untracked 
|  98|0x0000000706a00000, 0x0000000706a00000, 0x0000000706b00000|  0%| F|  |TAMS 0x0000000706a00000, 0x0000000706a00000| Untracked 
|  99|0x0000000706b00000, 0x0000000706b00000, 0x0000000706c00000|  0%| F|  |TAMS 0x0000000706b00000, 0x0000000706b00000| Untracked 
| 100|0x0000000706c00000, 0x0000000706c00000, 0x0000000706d00000|  0%| F|  |TAMS 0x0000000706c00000, 0x0000000706c00000| Untracked 
| 101|0x0000000706d00000, 0x0000000706d00000, 0x0000000706e00000|  0%| F|  |TAMS 0x0000000706d00000, 0x0000000706d00000| Untracked 
| 102|0x0000000706e00000, 0x0000000706e00000, 0x0000000706f00000|  0%| F|  |TAMS 0x0000000706e00000, 0x0000000706e00000| Untracked 
| 103|0x0000000706f00000, 0x0000000706f00000, 0x0000000707000000|  0%| F|  |TAMS 0x0000000706f00000, 0x0000000706f00000| Untracked 
| 104|0x0000000707000000, 0x0000000707000000, 0x0000000707100000|  0%| F|  |TAMS 0x0000000707000000, 0x0000000707000000| Untracked 
| 105|0x0000000707100000, 0x0000000707100000, 0x0000000707200000|  0%| F|  |TAMS 0x0000000707100000, 0x0000000707100000| Untracked 
| 106|0x0000000707200000, 0x0000000707200000, 0x0000000707300000|  0%| F|  |TAMS 0x0000000707200000, 0x0000000707200000| Untracked 
| 107|0x0000000707300000, 0x0000000707300000, 0x0000000707400000|  0%| F|  |TAMS 0x0000000707300000, 0x0000000707300000| Untracked 
| 108|0x0000000707400000, 0x0000000707400000, 0x0000000707500000|  0%| F|  |TAMS 0x0000000707400000, 0x0000000707400000| Untracked 
| 109|0x0000000707500000, 0x0000000707500000, 0x0000000707600000|  0%| F|  |TAMS 0x0000000707500000, 0x0000000707500000| Untracked 
| 110|0x0000000707600000, 0x0000000707600000, 0x0000000707700000|  0%| F|  |TAMS 0x0000000707600000, 0x0000000707600000| Untracked 
| 111|0x0000000707700000, 0x0000000707700000, 0x0000000707800000|  0%| F|  |TAMS 0x0000000707700000, 0x0000000707700000| Untracked 
| 112|0x0000000707800000, 0x0000000707800000, 0x0000000707900000|  0%| F|  |TAMS 0x0000000707800000, 0x0000000707800000| Untracked 
| 113|0x0000000707900000, 0x0000000707900000, 0x0000000707a00000|  0%| F|  |TAMS 0x0000000707900000, 0x0000000707900000| Untracked 
| 114|0x0000000707a00000, 0x0000000707a00000, 0x0000000707b00000|  0%| F|  |TAMS 0x0000000707a00000, 0x0000000707a00000| Untracked 
| 115|0x0000000707b00000, 0x0000000707b00000, 0x0000000707c00000|  0%| F|  |TAMS 0x0000000707b00000, 0x0000000707b00000| Untracked 
| 116|0x0000000707c00000, 0x0000000707c00000, 0x0000000707d00000|  0%| F|  |TAMS 0x0000000707c00000, 0x0000000707c00000| Untracked 
| 117|0x0000000707d00000, 0x0000000707d00000, 0x0000000707e00000|  0%| F|  |TAMS 0x0000000707d00000, 0x0000000707d00000| Untracked 
| 118|0x0000000707e00000, 0x0000000707e00000, 0x0000000707f00000|  0%| F|  |TAMS 0x0000000707e00000, 0x0000000707e00000| Untracked 
| 119|0x0000000707f00000, 0x0000000707f00000, 0x0000000708000000|  0%| F|  |TAMS 0x0000000707f00000, 0x0000000707f00000| Untracked 
| 120|0x0000000708000000, 0x0000000708000000, 0x0000000708100000|  0%| F|  |TAMS 0x0000000708000000, 0x0000000708000000| Untracked 
| 121|0x0000000708100000, 0x0000000708100000, 0x0000000708200000|  0%| F|  |TAMS 0x0000000708100000, 0x0000000708100000| Untracked 
| 122|0x0000000708200000, 0x0000000708200000, 0x0000000708300000|  0%| F|  |TAMS 0x0000000708200000, 0x0000000708200000| Untracked 
| 123|0x0000000708300000, 0x0000000708300000, 0x0000000708400000|  0%| F|  |TAMS 0x0000000708300000, 0x0000000708300000| Untracked 
| 124|0x0000000708400000, 0x0000000708400000, 0x0000000708500000|  0%| F|  |TAMS 0x0000000708400000, 0x0000000708400000| Untracked 
| 125|0x0000000708500000, 0x0000000708500000, 0x0000000708600000|  0%| F|  |TAMS 0x0000000708500000, 0x0000000708500000| Untracked 
| 126|0x0000000708600000, 0x0000000708600000, 0x0000000708700000|  0%| F|  |TAMS 0x0000000708600000, 0x0000000708600000| Untracked 
| 127|0x0000000708700000, 0x0000000708700000, 0x0000000708800000|  0%| F|  |TAMS 0x0000000708700000, 0x0000000708700000| Untracked 
| 128|0x0000000708800000, 0x0000000708800000, 0x0000000708900000|  0%| F|  |TAMS 0x0000000708800000, 0x0000000708800000| Untracked 
| 129|0x0000000708900000, 0x0000000708900000, 0x0000000708a00000|  0%| F|  |TAMS 0x0000000708900000, 0x0000000708900000| Untracked 
| 130|0x0000000708a00000, 0x0000000708a00000, 0x0000000708b00000|  0%| F|  |TAMS 0x0000000708a00000, 0x0000000708a00000| Untracked 
| 131|0x0000000708b00000, 0x0000000708b00000, 0x0000000708c00000|  0%| F|  |TAMS 0x0000000708b00000, 0x0000000708b00000| Untracked 
| 132|0x0000000708c00000, 0x0000000708c00000, 0x0000000708d00000|  0%| F|  |TAMS 0x0000000708c00000, 0x0000000708c00000| Untracked 
| 133|0x0000000708d00000, 0x0000000708d00000, 0x0000000708e00000|  0%| F|  |TAMS 0x0000000708d00000, 0x0000000708d00000| Untracked 
| 134|0x0000000708e00000, 0x0000000708e00000, 0x0000000708f00000|  0%| F|  |TAMS 0x0000000708e00000, 0x0000000708e00000| Untracked 
| 135|0x0000000708f00000, 0x0000000708f00000, 0x0000000709000000|  0%| F|  |TAMS 0x0000000708f00000, 0x0000000708f00000| Untracked 
| 136|0x0000000709000000, 0x0000000709000000, 0x0000000709100000|  0%| F|  |TAMS 0x0000000709000000, 0x0000000709000000| Untracked 
| 137|0x0000000709100000, 0x0000000709100000, 0x0000000709200000|  0%| F|  |TAMS 0x0000000709100000, 0x0000000709100000| Untracked 
| 138|0x0000000709200000, 0x0000000709200000, 0x0000000709300000|  0%| F|  |TAMS 0x0000000709200000, 0x0000000709200000| Untracked 
| 139|0x0000000709300000, 0x0000000709300000, 0x0000000709400000|  0%| F|  |TAMS 0x0000000709300000, 0x0000000709300000| Untracked 
| 140|0x0000000709400000, 0x0000000709400000, 0x0000000709500000|  0%| F|  |TAMS 0x0000000709400000, 0x0000000709400000| Untracked 
| 141|0x0000000709500000, 0x0000000709500000, 0x0000000709600000|  0%| F|  |TAMS 0x0000000709500000, 0x0000000709500000| Untracked 
| 142|0x0000000709600000, 0x0000000709600000, 0x0000000709700000|  0%| F|  |TAMS 0x0000000709600000, 0x0000000709600000| Untracked 
| 143|0x0000000709700000, 0x0000000709700000, 0x0000000709800000|  0%| F|  |TAMS 0x0000000709700000, 0x0000000709700000| Untracked 
| 144|0x0000000709800000, 0x0000000709800000, 0x0000000709900000|  0%| F|  |TAMS 0x0000000709800000, 0x0000000709800000| Untracked 
| 145|0x0000000709900000, 0x0000000709900000, 0x0000000709a00000|  0%| F|  |TAMS 0x0000000709900000, 0x0000000709900000| Untracked 
| 146|0x0000000709a00000, 0x0000000709a00000, 0x0000000709b00000|  0%| F|  |TAMS 0x0000000709a00000, 0x0000000709a00000| Untracked 
| 147|0x0000000709b00000, 0x0000000709b00000, 0x0000000709c00000|  0%| F|  |TAMS 0x0000000709b00000, 0x0000000709b00000| Untracked 
| 148|0x0000000709c00000, 0x0000000709c00000, 0x0000000709d00000|  0%| F|  |TAMS 0x0000000709c00000, 0x0000000709c00000| Untracked 
| 149|0x0000000709d00000, 0x0000000709d00000, 0x0000000709e00000|  0%| F|  |TAMS 0x0000000709d00000, 0x0000000709d00000| Untracked 
| 150|0x0000000709e00000, 0x0000000709e00000, 0x0000000709f00000|  0%| F|  |TAMS 0x0000000709e00000, 0x0000000709e00000| Untracked 
| 151|0x0000000709f00000, 0x0000000709f00000, 0x000000070a000000|  0%| F|  |TAMS 0x0000000709f00000, 0x0000000709f00000| Untracked 
| 152|0x000000070a000000, 0x000000070a000000, 0x000000070a100000|  0%| F|  |TAMS 0x000000070a000000, 0x000000070a000000| Untracked 
| 153|0x000000070a100000, 0x000000070a100000, 0x000000070a200000|  0%| F|  |TAMS 0x000000070a100000, 0x000000070a100000| Untracked 
| 154|0x000000070a200000, 0x000000070a200000, 0x000000070a300000|  0%| F|  |TAMS 0x000000070a200000, 0x000000070a200000| Untracked 
| 155|0x000000070a300000, 0x000000070a300000, 0x000000070a400000|  0%| F|  |TAMS 0x000000070a300000, 0x000000070a300000| Untracked 
| 156|0x000000070a400000, 0x000000070a400000, 0x000000070a500000|  0%| F|  |TAMS 0x000000070a400000, 0x000000070a400000| Untracked 
| 157|0x000000070a500000, 0x000000070a500000, 0x000000070a600000|  0%| F|  |TAMS 0x000000070a500000, 0x000000070a500000| Untracked 
| 158|0x000000070a600000, 0x000000070a600000, 0x000000070a700000|  0%| F|  |TAMS 0x000000070a600000, 0x000000070a600000| Untracked 
| 159|0x000000070a700000, 0x000000070a700000, 0x000000070a800000|  0%| F|  |TAMS 0x000000070a700000, 0x000000070a700000| Untracked 
| 160|0x000000070a800000, 0x000000070a800000, 0x000000070a900000|  0%| F|  |TAMS 0x000000070a800000, 0x000000070a800000| Untracked 
| 161|0x000000070a900000, 0x000000070a900000, 0x000000070aa00000|  0%| F|  |TAMS 0x000000070a900000, 0x000000070a900000| Untracked 
| 162|0x000000070aa00000, 0x000000070aa00000, 0x000000070ab00000|  0%| F|  |TAMS 0x000000070aa00000, 0x000000070aa00000| Untracked 
| 163|0x000000070ab00000, 0x000000070ab00000, 0x000000070ac00000|  0%| F|  |TAMS 0x000000070ab00000, 0x000000070ab00000| Untracked 
| 164|0x000000070ac00000, 0x000000070ac00000, 0x000000070ad00000|  0%| F|  |TAMS 0x000000070ac00000, 0x000000070ac00000| Untracked 
| 165|0x000000070ad00000, 0x000000070ad00000, 0x000000070ae00000|  0%| F|  |TAMS 0x000000070ad00000, 0x000000070ad00000| Untracked 
| 166|0x000000070ae00000, 0x000000070ae00000, 0x000000070af00000|  0%| F|  |TAMS 0x000000070ae00000, 0x000000070ae00000| Untracked 
| 167|0x000000070af00000, 0x000000070af00000, 0x000000070b000000|  0%| F|  |TAMS 0x000000070af00000, 0x000000070af00000| Untracked 
| 168|0x000000070b000000, 0x000000070b000000, 0x000000070b100000|  0%| F|  |TAMS 0x000000070b000000, 0x000000070b000000| Untracked 
| 169|0x000000070b100000, 0x000000070b100000, 0x000000070b200000|  0%| F|  |TAMS 0x000000070b100000, 0x000000070b100000| Untracked 
| 170|0x000000070b200000, 0x000000070b200000, 0x000000070b300000|  0%| F|  |TAMS 0x000000070b200000, 0x000000070b200000| Untracked 
| 171|0x000000070b300000, 0x000000070b300000, 0x000000070b400000|  0%| F|  |TAMS 0x000000070b300000, 0x000000070b300000| Untracked 
| 172|0x000000070b400000, 0x000000070b400000, 0x000000070b500000|  0%| F|  |TAMS 0x000000070b400000, 0x000000070b400000| Untracked 
| 173|0x000000070b500000, 0x000000070b500000, 0x000000070b600000|  0%| F|  |TAMS 0x000000070b500000, 0x000000070b500000| Untracked 
| 174|0x000000070b600000, 0x000000070b600000, 0x000000070b700000|  0%| F|  |TAMS 0x000000070b600000, 0x000000070b600000| Untracked 
| 175|0x000000070b700000, 0x000000070b700000, 0x000000070b800000|  0%| F|  |TAMS 0x000000070b700000, 0x000000070b700000| Untracked 
| 176|0x000000070b800000, 0x000000070b800000, 0x000000070b900000|  0%| F|  |TAMS 0x000000070b800000, 0x000000070b800000| Untracked 
| 177|0x000000070b900000, 0x000000070b900000, 0x000000070ba00000|  0%| F|  |TAMS 0x000000070b900000, 0x000000070b900000| Untracked 
| 178|0x000000070ba00000, 0x000000070ba00000, 0x000000070bb00000|  0%| F|  |TAMS 0x000000070ba00000, 0x000000070ba00000| Untracked 
| 179|0x000000070bb00000, 0x000000070bb00000, 0x000000070bc00000|  0%| F|  |TAMS 0x000000070bb00000, 0x000000070bb00000| Untracked 
| 180|0x000000070bc00000, 0x000000070bc00000, 0x000000070bd00000|  0%| F|  |TAMS 0x000000070bc00000, 0x000000070bc00000| Untracked 
| 181|0x000000070bd00000, 0x000000070bd00000, 0x000000070be00000|  0%| F|  |TAMS 0x000000070bd00000, 0x000000070bd00000| Untracked 
| 182|0x000000070be00000, 0x000000070be00000, 0x000000070bf00000|  0%| F|  |TAMS 0x000000070be00000, 0x000000070be00000| Untracked 
| 183|0x000000070bf00000, 0x000000070bf00000, 0x000000070c000000|  0%| F|  |TAMS 0x000000070bf00000, 0x000000070bf00000| Untracked 
| 184|0x000000070c000000, 0x000000070c000000, 0x000000070c100000|  0%| F|  |TAMS 0x000000070c000000, 0x000000070c000000| Untracked 
| 185|0x000000070c100000, 0x000000070c100000, 0x000000070c200000|  0%| F|  |TAMS 0x000000070c100000, 0x000000070c100000| Untracked 
| 186|0x000000070c200000, 0x000000070c200000, 0x000000070c300000|  0%| F|  |TAMS 0x000000070c200000, 0x000000070c200000| Untracked 
| 187|0x000000070c300000, 0x000000070c300000, 0x000000070c400000|  0%| F|  |TAMS 0x000000070c300000, 0x000000070c300000| Untracked 
| 188|0x000000070c400000, 0x000000070c400000, 0x000000070c500000|  0%| F|  |TAMS 0x000000070c400000, 0x000000070c400000| Untracked 
| 189|0x000000070c500000, 0x000000070c500000, 0x000000070c600000|  0%| F|  |TAMS 0x000000070c500000, 0x000000070c500000| Untracked 
| 190|0x000000070c600000, 0x000000070c600000, 0x000000070c700000|  0%| F|  |TAMS 0x000000070c600000, 0x000000070c600000| Untracked 
| 191|0x000000070c700000, 0x000000070c700000, 0x000000070c800000|  0%| F|  |TAMS 0x000000070c700000, 0x000000070c700000| Untracked 
| 192|0x000000070c800000, 0x000000070c800000, 0x000000070c900000|  0%| F|  |TAMS 0x000000070c800000, 0x000000070c800000| Untracked 
| 193|0x000000070c900000, 0x000000070c900000, 0x000000070ca00000|  0%| F|  |TAMS 0x000000070c900000, 0x000000070c900000| Untracked 
| 194|0x000000070ca00000, 0x000000070ca00000, 0x000000070cb00000|  0%| F|  |TAMS 0x000000070ca00000, 0x000000070ca00000| Untracked 
| 195|0x000000070cb00000, 0x000000070cb00000, 0x000000070cc00000|  0%| F|  |TAMS 0x000000070cb00000, 0x000000070cb00000| Untracked 
| 196|0x000000070cc00000, 0x000000070cc00000, 0x000000070cd00000|  0%| F|  |TAMS 0x000000070cc00000, 0x000000070cc00000| Untracked 
| 197|0x000000070cd00000, 0x000000070cd00000, 0x000000070ce00000|  0%| F|  |TAMS 0x000000070cd00000, 0x000000070cd00000| Untracked 
| 198|0x000000070ce00000, 0x000000070ce00000, 0x000000070cf00000|  0%| F|  |TAMS 0x000000070ce00000, 0x000000070ce00000| Untracked 
| 199|0x000000070cf00000, 0x000000070cf00000, 0x000000070d000000|  0%| F|  |TAMS 0x000000070cf00000, 0x000000070cf00000| Untracked 
| 200|0x000000070d000000, 0x000000070d000000, 0x000000070d100000|  0%| F|  |TAMS 0x000000070d000000, 0x000000070d000000| Untracked 
| 201|0x000000070d100000, 0x000000070d100000, 0x000000070d200000|  0%| F|  |TAMS 0x000000070d100000, 0x000000070d100000| Untracked 
| 202|0x000000070d200000, 0x000000070d200000, 0x000000070d300000|  0%| F|  |TAMS 0x000000070d200000, 0x000000070d200000| Untracked 
| 203|0x000000070d300000, 0x000000070d300000, 0x000000070d400000|  0%| F|  |TAMS 0x000000070d300000, 0x000000070d300000| Untracked 
| 204|0x000000070d400000, 0x000000070d400000, 0x000000070d500000|  0%| F|  |TAMS 0x000000070d400000, 0x000000070d400000| Untracked 
| 205|0x000000070d500000, 0x000000070d500000, 0x000000070d600000|  0%| F|  |TAMS 0x000000070d500000, 0x000000070d500000| Untracked 
| 206|0x000000070d600000, 0x000000070d600000, 0x000000070d700000|  0%| F|  |TAMS 0x000000070d600000, 0x000000070d600000| Untracked 
| 207|0x000000070d700000, 0x000000070d700000, 0x000000070d800000|  0%| F|  |TAMS 0x000000070d700000, 0x000000070d700000| Untracked 
| 208|0x000000070d800000, 0x000000070d800000, 0x000000070d900000|  0%| F|  |TAMS 0x000000070d800000, 0x000000070d800000| Untracked 
| 209|0x000000070d900000, 0x000000070d900000, 0x000000070da00000|  0%| F|  |TAMS 0x000000070d900000, 0x000000070d900000| Untracked 
| 210|0x000000070da00000, 0x000000070da00000, 0x000000070db00000|  0%| F|  |TAMS 0x000000070da00000, 0x000000070da00000| Untracked 
| 211|0x000000070db00000, 0x000000070db00000, 0x000000070dc00000|  0%| F|  |TAMS 0x000000070db00000, 0x000000070db00000| Untracked 
| 212|0x000000070dc00000, 0x000000070dc00000, 0x000000070dd00000|  0%| F|  |TAMS 0x000000070dc00000, 0x000000070dc00000| Untracked 
| 213|0x000000070dd00000, 0x000000070dd00000, 0x000000070de00000|  0%| F|  |TAMS 0x000000070dd00000, 0x000000070dd00000| Untracked 
| 214|0x000000070de00000, 0x000000070de00000, 0x000000070df00000|  0%| F|  |TAMS 0x000000070de00000, 0x000000070de00000| Untracked 
| 215|0x000000070df00000, 0x000000070df00000, 0x000000070e000000|  0%| F|  |TAMS 0x000000070df00000, 0x000000070df00000| Untracked 
| 216|0x000000070e000000, 0x000000070e000000, 0x000000070e100000|  0%| F|  |TAMS 0x000000070e000000, 0x000000070e000000| Untracked 
| 217|0x000000070e100000, 0x000000070e100000, 0x000000070e200000|  0%| F|  |TAMS 0x000000070e100000, 0x000000070e100000| Untracked 
| 218|0x000000070e200000, 0x000000070e200000, 0x000000070e300000|  0%| F|  |TAMS 0x000000070e200000, 0x000000070e200000| Untracked 
| 219|0x000000070e300000, 0x000000070e300000, 0x000000070e400000|  0%| F|  |TAMS 0x000000070e300000, 0x000000070e300000| Untracked 
| 220|0x000000070e400000, 0x000000070e400000, 0x000000070e500000|  0%| F|  |TAMS 0x000000070e400000, 0x000000070e400000| Untracked 
| 221|0x000000070e500000, 0x000000070e500000, 0x000000070e600000|  0%| F|  |TAMS 0x000000070e500000, 0x000000070e500000| Untracked 
| 222|0x000000070e600000, 0x000000070e600000, 0x000000070e700000|  0%| F|  |TAMS 0x000000070e600000, 0x000000070e600000| Untracked 
| 223|0x000000070e700000, 0x000000070e700000, 0x000000070e800000|  0%| F|  |TAMS 0x000000070e700000, 0x000000070e700000| Untracked 
| 224|0x000000070e800000, 0x000000070e800000, 0x000000070e900000|  0%| F|  |TAMS 0x000000070e800000, 0x000000070e800000| Untracked 
| 225|0x000000070e900000, 0x000000070e900000, 0x000000070ea00000|  0%| F|  |TAMS 0x000000070e900000, 0x000000070e900000| Untracked 
| 226|0x000000070ea00000, 0x000000070ea00000, 0x000000070eb00000|  0%| F|  |TAMS 0x000000070ea00000, 0x000000070ea00000| Untracked 
| 227|0x000000070eb00000, 0x000000070eb00000, 0x000000070ec00000|  0%| F|  |TAMS 0x000000070eb00000, 0x000000070eb00000| Untracked 
| 228|0x000000070ec00000, 0x000000070ec00000, 0x000000070ed00000|  0%| F|  |TAMS 0x000000070ec00000, 0x000000070ec00000| Untracked 
| 229|0x000000070ed00000, 0x000000070ed00000, 0x000000070ee00000|  0%| F|  |TAMS 0x000000070ed00000, 0x000000070ed00000| Untracked 
| 230|0x000000070ee00000, 0x000000070ee00000, 0x000000070ef00000|  0%| F|  |TAMS 0x000000070ee00000, 0x000000070ee00000| Untracked 
| 231|0x000000070ef00000, 0x000000070ef00000, 0x000000070f000000|  0%| F|  |TAMS 0x000000070ef00000, 0x000000070ef00000| Untracked 
| 232|0x000000070f000000, 0x000000070f000000, 0x000000070f100000|  0%| F|  |TAMS 0x000000070f000000, 0x000000070f000000| Untracked 
| 233|0x000000070f100000, 0x000000070f100000, 0x000000070f200000|  0%| F|  |TAMS 0x000000070f100000, 0x000000070f100000| Untracked 
| 234|0x000000070f200000, 0x000000070f200000, 0x000000070f300000|  0%| F|  |TAMS 0x000000070f200000, 0x000000070f200000| Untracked 
| 235|0x000000070f300000, 0x000000070f300000, 0x000000070f400000|  0%| F|  |TAMS 0x000000070f300000, 0x000000070f300000| Untracked 
| 236|0x000000070f400000, 0x000000070f400000, 0x000000070f500000|  0%| F|  |TAMS 0x000000070f400000, 0x000000070f400000| Untracked 
| 237|0x000000070f500000, 0x000000070f500000, 0x000000070f600000|  0%| F|  |TAMS 0x000000070f500000, 0x000000070f500000| Untracked 
| 238|0x000000070f600000, 0x000000070f600000, 0x000000070f700000|  0%| F|  |TAMS 0x000000070f600000, 0x000000070f600000| Untracked 
| 239|0x000000070f700000, 0x000000070f700000, 0x000000070f800000|  0%| F|  |TAMS 0x000000070f700000, 0x000000070f700000| Untracked 
| 240|0x000000070f800000, 0x000000070f800000, 0x000000070f900000|  0%| F|  |TAMS 0x000000070f800000, 0x000000070f800000| Untracked 
| 241|0x000000070f900000, 0x000000070f900000, 0x000000070fa00000|  0%| F|  |TAMS 0x000000070f900000, 0x000000070f900000| Untracked 
| 242|0x000000070fa00000, 0x000000070fa00000, 0x000000070fb00000|  0%| F|  |TAMS 0x000000070fa00000, 0x000000070fa00000| Untracked 
| 243|0x000000070fb00000, 0x000000070fb00000, 0x000000070fc00000|  0%| F|  |TAMS 0x000000070fb00000, 0x000000070fb00000| Untracked 
| 244|0x000000070fc00000, 0x000000070fc00000, 0x000000070fd00000|  0%| F|  |TAMS 0x000000070fc00000, 0x000000070fc00000| Untracked 
| 245|0x000000070fd00000, 0x000000070fd00000, 0x000000070fe00000|  0%| F|  |TAMS 0x000000070fd00000, 0x000000070fd00000| Untracked 
| 246|0x000000070fe00000, 0x000000070fe00000, 0x000000070ff00000|  0%| F|  |TAMS 0x000000070fe00000, 0x000000070fe00000| Untracked 
| 247|0x000000070ff00000, 0x000000070ff00000, 0x0000000710000000|  0%| F|  |TAMS 0x000000070ff00000, 0x000000070ff00000| Untracked 
| 248|0x0000000710000000, 0x0000000710000000, 0x0000000710100000|  0%| F|  |TAMS 0x0000000710000000, 0x0000000710000000| Untracked 
| 249|0x0000000710100000, 0x0000000710100000, 0x0000000710200000|  0%| F|  |TAMS 0x0000000710100000, 0x0000000710100000| Untracked 
| 250|0x0000000710200000, 0x0000000710200000, 0x0000000710300000|  0%| F|  |TAMS 0x0000000710200000, 0x0000000710200000| Untracked 
| 251|0x0000000710300000, 0x0000000710300000, 0x0000000710400000|  0%| F|  |TAMS 0x0000000710300000, 0x0000000710300000| Untracked 
| 252|0x0000000710400000, 0x0000000710400000, 0x0000000710500000|  0%| F|  |TAMS 0x0000000710400000, 0x0000000710400000| Untracked 
| 253|0x0000000710500000, 0x00000007105dbb68, 0x0000000710600000| 85%| E|  |TAMS 0x0000000710500000, 0x0000000710500000| Complete 
| 254|0x0000000710600000, 0x0000000710700000, 0x0000000710700000|100%| E|CS|TAMS 0x0000000710600000, 0x0000000710600000| Complete 
| 255|0x0000000710700000, 0x0000000710800000, 0x0000000710800000|100%| E|CS|TAMS 0x0000000710700000, 0x0000000710700000| Complete 

Card table byte_map: [0x00000196cc930000,0x00000196cd130000] _byte_map_base: 0x00000196c912c000

Marking Bits (Prev, Next): (CMBitMap*) 0x00000196b49e9e08, (CMBitMap*) 0x00000196b49e9e40
 Prev Bits: [0x00000196cd930000, 0x00000196d1910000)
 Next Bits: [0x00000196d1910000, 0x00000196d58f0000)

Polling page: 0x00000196b2940000

Metaspace:

Usage:
  Non-class:      6.06 MB capacity,     5.97 MB ( 99%) used,    86.06 KB (  1%) free+waste,     4.50 KB ( <1%) overhead. 
      Class:    643.00 KB capacity,   582.12 KB ( 91%) used,    58.70 KB (  9%) free+waste,     2.19 KB ( <1%) overhead. 
       Both:      6.69 MB capacity,     6.54 MB ( 98%) used,   144.76 KB (  2%) free+waste,     6.69 KB ( <1%) overhead. 

Virtual space:
  Non-class space:        8.00 MB reserved,       6.25 MB ( 78%) committed 
      Class space:        1.00 GB reserved,     768.00 KB ( <1%) committed 
             Both:        1.01 GB reserved,       7.00 MB ( <1%) committed 

Chunk freelists:
   Non-Class:  1.00 KB
       Class:  29.00 KB
        Both:  30.00 KB

MaxMetaspaceSize: 17179869184.00 GB
CompressedClassSpaceSize: 1.00 GB
Initial GC threshold: 20.80 MB
Current GC threshold: 20.80 MB
CDS: off

CodeHeap 'non-profiled nmethods': size=120064Kb used=99Kb max_used=99Kb free=119964Kb
 bounds [0x00000196c4bf0000, 0x00000196c4e60000, 0x00000196cc130000]
CodeHeap 'profiled nmethods': size=120000Kb used=391Kb max_used=391Kb free=119609Kb
 bounds [0x00000196bd6c0000, 0x00000196bd930000, 0x00000196c4bf0000]
CodeHeap 'non-nmethods': size=5696Kb used=1099Kb max_used=1112Kb free=4596Kb
 bounds [0x00000196bd130000, 0x00000196bd3a0000, 0x00000196bd6c0000]
 total_blobs=670 nmethods=327 adapters=256
 compilation: enabled
              stopped_count=0, restarted_count=0
 full_count=0

Compilation events (20 events):
Event: 0.214 Thread 0x00000196d7e2e800 nmethod 317 0x00000196bd71f590 code [0x00000196bd71f740, 0x00000196bd71f938]
Event: 0.214 Thread 0x00000196d7e2e800  318   !   3       java.util.jar.JarFile::isMultiRelease (33 bytes)
Event: 0.215 Thread 0x00000196d7e2e800 nmethod 318 0x00000196bd71fa10 code [0x00000196bd71fbe0, 0x00000196bd71fdc8]
Event: 0.216 Thread 0x00000196d7e2e800  319       3       java.lang.StringUTF16::checkBoundsOffCount (10 bytes)
Event: 0.216 Thread 0x00000196d7e2e800 nmethod 319 0x00000196bd71fe90 code [0x00000196bd720060, 0x00000196bd7201c8]
Event: 0.216 Thread 0x00000196d7e2e800  320       3       sun.nio.cs.SingleByte$Encoder::encode (32 bytes)
Event: 0.216 Thread 0x00000196d7e2e800 nmethod 320 0x00000196bd720310 code [0x00000196bd7204c0, 0x00000196bd720678]
Event: 0.216 Thread 0x00000196d7e2e800  321       1       java.nio.Buffer::position (5 bytes)
Event: 0.216 Thread 0x00000196d7e2e800 nmethod 321 0x00000196c4c08010 code [0x00000196c4c081c0, 0x00000196c4c08278]
Event: 0.217 Thread 0x00000196d7e2e800  322       3       java.util.Collections$UnmodifiableCollection$1::next (10 bytes)
Event: 0.217 Thread 0x00000196d7e2e800 nmethod 322 0x00000196bd720790 code [0x00000196bd720940, 0x00000196bd720b08]
Event: 0.217 Thread 0x00000196d7e2e800  323       1       java.nio.Buffer::limit (5 bytes)
Event: 0.217 Thread 0x00000196d7e2e800 nmethod 323 0x00000196c4c08310 code [0x00000196c4c084c0, 0x00000196c4c08578]
Event: 0.217 Thread 0x00000196d8718000  324       4       java.lang.AbstractStringBuilder::ensureCapacityInternal (39 bytes)
Event: 0.218 Thread 0x00000196d7e2e800  325       3       java.nio.Buffer::position (52 bytes)
Event: 0.218 Thread 0x00000196d7e2e800 nmethod 325 0x00000196bd720c10 code [0x00000196bd720de0, 0x00000196bd721048]
Event: 0.218 Thread 0x00000196d7e2e800  326       3       java.nio.ByteBuffer::arrayOffset (35 bytes)
Event: 0.219 Thread 0x00000196d7e2e800 nmethod 326 0x00000196bd721110 code [0x00000196bd7212e0, 0x00000196bd721558]
Event: 0.219 Thread 0x00000196d7e2e800  327       3       java.nio.CharBuffer::arrayOffset (35 bytes)
Event: 0.220 Thread 0x00000196d7e2e800 nmethod 327 0x00000196bd721690 code [0x00000196bd721860, 0x00000196bd721ad8]

GC Heap History (0 events):
No events

Deoptimization events (10 events):
Event: 0.130 Thread 0x00000196b4985000 Uncommon trap: trap_request=0xffffff4d fr.pc=0x00000196c4bf83ac relative=0x000000000000018c
Event: 0.130 Thread 0x00000196b4985000 Uncommon trap: reason=unstable_if action=reinterpret pc=0x00000196c4bf83ac method=java.lang.String.hashCode()I @ 22 c2
Event: 0.130 Thread 0x00000196b4985000 DEOPT PACKING pc=0x00000196c4bf83ac sp=0x000000154ccfe8f0
Event: 0.130 Thread 0x00000196b4985000 DEOPT UNPACKING pc=0x00000196bd17a1af sp=0x000000154ccfe878 mode 2
Event: 0.132 Thread 0x00000196b4985000 Uncommon trap: trap_request=0xffffff4d fr.pc=0x00000196c4bfada0 relative=0x0000000000000180
Event: 0.132 Thread 0x00000196b4985000 Uncommon trap: reason=unstable_if action=reinterpret pc=0x00000196c4bfada0 method=java.lang.String.equals(Ljava/lang/Object;)Z @ 27 c2
Event: 0.132 Thread 0x00000196b4985000 DEOPT PACKING pc=0x00000196c4bfada0 sp=0x000000154ccfe9d0
Event: 0.133 Thread 0x00000196b4985000 DEOPT UNPACKING pc=0x00000196bd17a1af sp=0x000000154ccfe970 mode 2
Event: 0.184 Thread 0x00000196b4985000 DEOPT PACKING pc=0x00000196bd6faf0e sp=0x000000154ccfce00
Event: 0.184 Thread 0x00000196b4985000 DEOPT UNPACKING pc=0x00000196bd17a95e sp=0x000000154ccfc2a0 mode 0

Classes redefined (0 events):
No events

Internal exceptions (2 events):
Event: 0.216 Thread 0x00000196b4985000 Exception <a 'java/io/FileNotFoundException'{0x00000007105b4df0}> (0x00000007105b4df0) thrown at [s\src\hotspot\share\prims\jni.cpp, line 617]
Event: 0.218 Thread 0x00000196b4985000 Exception <a 'java/lang/reflect/InvocationTargetException'{0x00000007105bb080}> (0x00000007105bb080) thrown at [s\src\hotspot\share\runtime\reflection.cpp, line 1245]

Events (20 events):
Event: 0.212 loading class org/jacoco/agent/rt/internal_43f5073/Agent$2
Event: 0.212 loading class org/jacoco/agent/rt/internal_43f5073/Agent$2 done
Event: 0.213 loading class java/lang/NoSuchFieldError
Event: 0.213 loading class java/lang/IncompatibleClassChangeError
Event: 0.213 loading class java/lang/IncompatibleClassChangeError done
Event: 0.213 loading class java/lang/NoSuchFieldError done
Event: 0.213 loading class org/jacoco/agent/rt/internal_43f5073/output/FileOutput
Event: 0.213 loading class org/jacoco/agent/rt/internal_43f5073/output/FileOutput done
Event: 0.216 loading class java/io/FileNotFoundException
Event: 0.216 loading class java/io/FileNotFoundException done
Event: 0.216 Executing VM operation: Deoptimize
Event: 0.216 Executing VM operation: Deoptimize done
Event: 0.216 loading class java/lang/Throwable$WrappedPrintStream
Event: 0.216 loading class java/lang/Throwable$PrintStreamOrWriter
Event: 0.216 loading class java/lang/Throwable$PrintStreamOrWriter done
Event: 0.216 loading class java/lang/Throwable$WrappedPrintStream done
Event: 0.216 loading class java/lang/StackTraceElement$HashedModules
Event: 0.216 loading class java/lang/StackTraceElement$HashedModules done
Event: 0.217 loading class java/lang/reflect/InvocationTargetException
Event: 0.218 loading class java/lang/reflect/InvocationTargetException done


Dynamic libraries:
0x00007ff6f5080000 - 0x00007ff6f508e000 	C:\Users\Екатерина\.jdks\corretto-11.0.23\bin\java.exe
0x00007ff8e4ef0000 - 0x00007ff8e50e8000 	C:\Windows\SYSTEM32\ntdll.dll
0x00007ff8e3590000 - 0x00007ff8e3651000 	C:\Windows\System32\KERNEL32.DLL
0x00007ff8e25d0000 - 0x00007ff8e28c6000 	C:\Windows\System32\KERNELBASE.dll
0x00007ff8e2980000 - 0x00007ff8e2a80000 	C:\Windows\System32\ucrtbase.dll
0x00007ff8d76c0000 - 0x00007ff8d76db000 	C:\Users\Екатерина\.jdks\corretto-11.0.23\bin\VCRUNTIME140.dll
0x00007ff8d69c0000 - 0x00007ff8d69d7000 	C:\Users\Екатерина\.jdks\corretto-11.0.23\bin\jli.dll
0x00007ff8e4b30000 - 0x00007ff8e4ccf000 	C:\Windows\System32\USER32.dll
0x00007ff8e2a80000 - 0x00007ff8e2aa2000 	C:\Windows\System32\win32u.dll
0x00007ff8d4440000 - 0x00007ff8d46da000 	C:\Windows\WinSxS\amd64_microsoft.windows.common-controls_6595b64144ccf1df_6.0.19041.4355_none_60b8b9eb71f62e16\COMCTL32.dll
0x00007ff8e4230000 - 0x00007ff8e425b000 	C:\Windows\System32\GDI32.dll
0x00007ff8e4190000 - 0x00007ff8e422e000 	C:\Windows\System32\msvcrt.dll
0x00007ff8e2b40000 - 0x00007ff8e2c57000 	C:\Windows\System32\gdi32full.dll
0x00007ff8e2cd0000 - 0x00007ff8e2d6d000 	C:\Windows\System32\msvcp_win.dll
0x00007ff8e43f0000 - 0x00007ff8e441f000 	C:\Windows\System32\IMM32.DLL
0x00007ff8db400000 - 0x00007ff8db40c000 	C:\Users\Екатерина\.jdks\corretto-11.0.23\bin\vcruntime140_1.dll
0x00007ff8beb10000 - 0x00007ff8beb9d000 	C:\Users\Екатерина\.jdks\corretto-11.0.23\bin\msvcp140.dll
0x00007ff8a7b50000 - 0x00007ff8a8714000 	C:\Users\Екатерина\.jdks\corretto-11.0.23\bin\server\jvm.dll
0x00007ff8e4060000 - 0x00007ff8e4110000 	C:\Windows\System32\ADVAPI32.dll
0x00007ff8e2ff0000 - 0x00007ff8e3090000 	C:\Windows\System32\sechost.dll
0x00007ff8e4cd0000 - 0x00007ff8e4df3000 	C:\Windows\System32\RPCRT4.dll
0x00007ff8e25a0000 - 0x00007ff8e25c7000 	C:\Windows\System32\bcrypt.dll
0x00007ff8e3660000 - 0x00007ff8e3668000 	C:\Windows\System32\PSAPI.DLL
0x00007ff8df710000 - 0x00007ff8df719000 	C:\Windows\SYSTEM32\WSOCK32.dll
0x00007ff8dc5d0000 - 0x00007ff8dc5da000 	C:\Windows\SYSTEM32\VERSION.dll
0x00007ff8d7010000 - 0x00007ff8d7037000 	C:\Windows\SYSTEM32\WINMM.dll
0x00007ff8e4a60000 - 0x00007ff8e4acb000 	C:\Windows\System32\WS2_32.dll
0x00007ff8e0440000 - 0x00007ff8e0452000 	C:\Windows\SYSTEM32\kernel.appcore.dll
0x00007ff8d77c0000 - 0x00007ff8d77d0000 	C:\Users\Екатерина\.jdks\corretto-11.0.23\bin\verify.dll
0x00007ff8cb200000 - 0x00007ff8cb3e4000 	C:\Windows\SYSTEM32\DBGHELP.DLL
0x00007ff8da2e0000 - 0x00007ff8da314000 	C:\Windows\SYSTEM32\dbgcore.DLL
0x00007ff8e2ab0000 - 0x00007ff8e2b32000 	C:\Windows\System32\bcryptPrimitives.dll
0x00007ff8d6990000 - 0x00007ff8d69b8000 	C:\Users\Екатерина\.jdks\corretto-11.0.23\bin\java.dll
0x00007ff8d57a0000 - 0x00007ff8d57aa000 	C:\Users\Екатерина\.jdks\corretto-11.0.23\bin\jimage.dll
0x00007ff8d47e0000 - 0x00007ff8d47ee000 	C:\Users\Екатерина\.jdks\corretto-11.0.23\bin\instrument.dll
0x00007ff8d3000000 - 0x00007ff8d3018000 	C:\Users\Екатерина\.jdks\corretto-11.0.23\bin\zip.dll
0x00007ff8e3670000 - 0x00007ff8e3ddc000 	C:\Windows\System32\SHELL32.dll
0x00007ff8e0640000 - 0x00007ff8e0dde000 	C:\Windows\SYSTEM32\windows.storage.dll
0x00007ff8e3230000 - 0x00007ff8e3583000 	C:\Windows\System32\combase.dll
0x00007ff8e1ef0000 - 0x00007ff8e1f1e000 	C:\Windows\SYSTEM32\Wldp.dll
0x00007ff8e2f20000 - 0x00007ff8e2fed000 	C:\Windows\System32\OLEAUT32.dll
0x00007ff8e4e00000 - 0x00007ff8e4ead000 	C:\Windows\System32\SHCORE.dll
0x00007ff8e3ed0000 - 0x00007ff8e3f25000 	C:\Windows\System32\shlwapi.dll
0x00007ff8e24d0000 - 0x00007ff8e24f4000 	C:\Windows\SYSTEM32\profapi.dll
0x00007ff8d2fe0000 - 0x00007ff8d2ff9000 	C:\Users\Екатерина\.jdks\corretto-11.0.23\bin\net.dll
0x00007ff8de2b0000 - 0x00007ff8de3ba000 	C:\Windows\SYSTEM32\WINHTTP.dll
0x00007ff8e1c50000 - 0x00007ff8e1cba000 	C:\Windows\system32\mswsock.dll
0x00007ff8d28f0000 - 0x00007ff8d2902000 	C:\Users\Екатерина\.jdks\corretto-11.0.23\bin\nio.dll
0x00007ff8d0250000 - 0x00007ff8d0267000 	C:\Windows\system32\napinsp.dll
0x00007ff8cf7e0000 - 0x00007ff8cf7fb000 	C:\Windows\system32\pnrpnsp.dll
0x00007ff8c8b40000 - 0x00007ff8c8b55000 	C:\Windows\system32\wshbth.dll
0x00007ff8df760000 - 0x00007ff8df77d000 	C:\Windows\system32\NLAapi.dll
0x00007ff8e1930000 - 0x00007ff8e196b000 	C:\Windows\SYSTEM32\IPHLPAPI.DLL
0x00007ff8e1970000 - 0x00007ff8e1a3a000 	C:\Windows\SYSTEM32\DNSAPI.dll
0x00007ff8e4260000 - 0x00007ff8e4268000 	C:\Windows\System32\NSI.dll
0x00007ff8cf570000 - 0x00007ff8cf582000 	C:\Windows\System32\winrnr.dll
0x00007ff8d3960000 - 0x00007ff8d396a000 	C:\Windows\System32\rasadhlp.dll
0x00007ff8d3a40000 - 0x00007ff8d3ac0000 	C:\Windows\System32\fwpuclnt.dll

dbghelp: loaded successfully - version: 4.0.5 - missing functions: none
symbol engine: initialized successfully - sym options: 0x614 - pdb path: .;C:\Users\Екатерина\.jdks\corretto-11.0.23\bin;C:\Windows\SYSTEM32;C:\Windows\WinSxS\amd64_microsoft.windows.common-controls_6595b64144ccf1df_6.0.19041.4355_none_60b8b9eb71f62e16;C:\Users\Екатерина\.jdks\corretto-11.0.23\bin\server

VM Arguments:
jvm_args: -javaagent:C:\\Users\\Екатерина\\.m2\\repository\\org\\jacoco\\org.jacoco.agent\\0.8.5\\org.jacoco.agent-0.8.5-runtime.jar=destfile=C:\\Users\\Екатерина\\IdeaProjects\\CiJaCoCoHW\\target\\jacoco.exec 
java_command: C:\Users\E784~1\AppData\Local\Temp\surefire15650637024145043841\surefirebooter2405463052244686882.jar C:\Users\Екатерина\AppData\Local\Temp\surefire15650637024145043841 2024-07-15T20-53-01_229-jvmRun1 surefire3592991655274768860tmp surefire_017192358831709183899tmp
java_class_path (initial): C:\Users\E784~1\AppData\Local\Temp\surefire15650637024145043841\surefirebooter2405463052244686882.jar
Launcher Type: SUN_STANDARD

[Global flags]
     intx CICompilerCount                          = 3                                         {product} {ergonomic}
     uint ConcGCThreads                            = 1                                         {product} {ergonomic}
     uint G1ConcRefinementThreads                  = 4                                         {product} {ergonomic}
   size_t G1HeapRegionSize                         = 1048576                                   {product} {ergonomic}
    uintx GCDrainStackTargetSize                   = 64                                        {product} {ergonomic}
   size_t InitialHeapSize                          = 268435456                                 {product} {ergonomic}
   size_t MarkStackSize                            = 4194304                                   {product} {ergonomic}
   size_t MaxHeapSize                              = 4286578688                                {product} {ergonomic}
   size_t MaxNewSize                               = 2571108352                                {product} {ergonomic}
   size_t MinHeapDeltaBytes                        = 1048576                                   {product} {ergonomic}
    uintx NonNMethodCodeHeapSize                   = 5830732                                {pd product} {ergonomic}
    uintx NonProfiledCodeHeapSize                  = 122913754                              {pd product} {ergonomic}
    uintx ProfiledCodeHeapSize                     = 122913754                              {pd product} {ergonomic}
    uintx ReservedCodeCacheSize                    = 251658240                              {pd product} {ergonomic}
     bool SegmentedCodeCache                       = true                                      {product} {ergonomic}
     bool UseCompressedClassPointers               = true                                 {lp64_product} {ergonomic}
     bool UseCompressedOops                        = true                                 {lp64_product} {ergonomic}
     bool UseG1GC                                  = true                                      {product} {ergonomic}
     bool UseLargePagesIndividualAllocation        = false                                  {pd product} {ergonomic}

Logging:
Log output configuration:
 #0: stdout all=warning uptime,level,tags
 #1: stderr all=off uptime,level,tags

Environment Variables:
PATH=C:\Windows\system32;C:\Windows;C:\Windows\System32\Wbem;C:\Windows\System32\WindowsPowerShell\v1.0\;C:\Windows\System32\OpenSSH\;C:\Program Files\Git\cmd;C:\Users\Екатерина\AppData\Local\Microsoft\WindowsApps;
USERNAME=Екатерина
OS=Windows_NT
PROCESSOR_IDENTIFIER=Intel64 Family 6 Model 58 Stepping 9, GenuineIntel
TMP=C:\Users\E784~1\AppData\Local\Temp
TEMP=C:\Users\E784~1\AppData\Local\Temp



---------------  S Y S T E M  ---------------

OS: Windows 10 , 64 bit Build 19041 (10.0.19041.4597)
OS uptime: 5 days 3:14 hours

CPU:total 4 (initial active 4) (4 cores per cpu, 1 threads per core) family 6 model 58 stepping 9 microcode 0x21, cmov, cx8, fxsr, mmx, sse, sse2, sse3, ssse3, sse4.1, sse4.2, popcnt, avx, aes, clmul, erms, tsc, tscinvbit, tscinv

Memory: 4k page, system-wide physical 16344M (8925M free)
TotalPageFile size 18776M (AvailPageFile size 10399M)
current process WorkingSet (physical memory assigned to process): 45M, peak: 45M
current process commit charge ("private bytes"): 334M, peak: 334M

vm_info: OpenJDK 64-Bit Server VM (11.0.23+9-LTS) for windows-amd64 JRE (11.0.23+9-LTS), built on Apr 10 2024 18:40:41 by "Administrator" with MS VC++ 16.10 / 16.11 (VS2019)

END.
